\BOOKMARK [1][-]{section.1}{\376\377\004\020\004\075\004\075\004\076\004\102\004\060\004\106\004\070\004\117}{}% 1
\BOOKMARK [1][-]{section.2}{\376\377\004\022\004\062\004\065\004\064\004\065\004\075\004\070\004\065}{}% 2
\BOOKMARK [1][-]{section.3}{\376\377\004\036\004\064\004\075\004\076\004\072\004\073\004\060\004\101\004\101\004\076\004\062\004\060\004\117\000\040\004\072\004\073\004\060\004\101\004\101\004\070\004\104\004\070\004\072\004\060\004\106\004\070\004\117}{}% 3
\BOOKMARK [2][-]{subsection.3.1}{\376\377\004\032\004\073\004\060\004\101\004\101\004\070\004\107\004\065\004\101\004\072\004\070\004\065\000\040\004\076\004\064\004\075\004\076\004\072\004\073\004\060\004\101\004\101\004\076\004\062\004\113\004\065\000\040\004\117\004\064\004\065\004\100\004\075\004\113\004\065\000\040\004\074\004\065\004\102\004\076\004\064\004\113}{section.3}% 4
\BOOKMARK [2][-]{subsection.3.2}{\376\377\004\023\004\073\004\103\004\061\004\076\004\072\004\076\004\065\000\040\004\076\004\077\004\070\004\101\004\060\004\075\004\070\004\065\000\040\004\064\004\060\004\075\004\075\004\113\004\105\000\040\004\076\004\077\004\100\004\076\004\075\004\113\004\074\004\070\000\040\004\062\004\065\004\072\004\102\004\076\004\100\004\060\004\074\004\070}{section.3}% 5
\BOOKMARK [2][-]{subsection.3.3}{\376\377\004\042\004\100\004\060\004\075\004\101\004\104\004\065\004\100\004\075\004\076\004\065\000\040\004\076\004\061\004\103\004\107\004\065\004\075\004\070\004\065\000\040\004\064\004\073\004\117\000\040\004\076\004\064\004\075\004\076\004\072\004\073\004\060\004\101\004\101\004\076\004\062\004\076\004\071\000\040\004\072\004\073\004\060\004\101\004\101\004\070\004\104\004\070\004\072\004\060\004\106\004\070\004\070}{section.3}% 6
\BOOKMARK [2][-]{subsection.3.4}{\376\377\004\040\004\060\004\067\004\062\004\070\004\102\004\070\004\065\000\040\004\063\004\073\004\103\004\061\004\076\004\072\004\076\004\063\004\076\000\040\004\077\004\076\004\064\004\105\004\076\004\064\004\060\000\040\004\072\000\040\004\076\004\064\004\075\004\076\004\072\004\073\004\060\004\101\004\101\004\076\004\062\004\076\004\071\000\040\004\072\004\073\004\060\004\101\004\101\004\070\004\104\004\070\004\072\004\060\004\106\004\070\004\070}{section.3}% 7
\BOOKMARK [1][-]{section.4}{\376\377\004\034\004\065\004\102\004\076\004\064\004\113\000\040\004\101\004\100\004\060\004\062\004\075\004\065\004\075\004\070\004\117\000\040\004\115\004\074\004\061\004\065\004\064\004\064\004\070\004\075\004\063\004\076\004\062}{}% 8
\BOOKMARK [2][-]{subsection.4.1}{\376\377\000S\000P\000A\000D\000E}{section.4}% 9
\BOOKMARK [2][-]{subsection.4.2}{\376\377\000P\000a\000D\000i\000M}{section.4}% 10
\BOOKMARK [2][-]{subsection.4.3}{\376\377\000P\000a\000t\000c\000h\000C\000o\000r\000e}{section.4}% 11
\BOOKMARK [1][-]{section.5}{\376\377\004\040\004\065\004\072\004\076\004\075\004\101\004\102\004\100\004\103\004\072\004\106\004\070\004\076\004\075\004\075\004\113\004\065\000\040\004\074\004\065\004\102\004\076\004\064\004\113}{}% 12
\BOOKMARK [2][-]{subsection.5.1}{\376\377\000C\000F\000L\000O\000W\000-\000A\000D}{section.5}% 13
\BOOKMARK [1][-]{section.6}{\376\377\004\022\004\073\004\070\004\117\004\075\004\070\004\065\000\040\004\070\004\075\004\070\004\106\004\070\004\060\004\073\004\070\004\067\004\060\004\106\004\070\004\070\000\040\004\101\004\073\004\076\004\121\004\062\000\040\004\061\004\115\004\072\004\061\004\076\004\075\004\060}{}% 14
\BOOKMARK [2][-]{subsection.6.1}{\376\377\000A\000l\000e\000x\000N\000e\000t}{section.6}% 15
\BOOKMARK [2][-]{subsection.6.2}{\376\377\000V\000G\000G}{section.6}% 16
\BOOKMARK [2][-]{subsection.6.3}{\376\377\000R\000e\000s\000N\000e\000t}{section.6}% 17
\BOOKMARK [2][-]{subsection.6.4}{\376\377\000S\000q\000u\000e\000e\000z\000e\000N\000e\000t}{section.6}% 18
\BOOKMARK [2][-]{subsection.6.5}{\376\377\000D\000e\000n\000s\000e\000N\000e\000t}{section.6}% 19
\BOOKMARK [2][-]{subsection.6.6}{\376\377\000I\000n\000c\000e\000p\000t\000i\000o\000n}{section.6}% 20
\BOOKMARK [2][-]{subsection.6.7}{\376\377\000S\000h\000u\000f\000f\000l\000e\000N\000e\000t}{section.6}% 21
\BOOKMARK [2][-]{subsection.6.8}{\376\377\000M\000o\000b\000i\000l\000e\000N\000e\000t}{section.6}% 22
\BOOKMARK [2][-]{subsection.6.9}{\376\377\000R\000e\000s\000N\000e\000X\000t}{section.6}% 23
\BOOKMARK [2][-]{subsection.6.10}{\376\377\000S\000E\000-\004\101\004\065\004\102\004\070}{section.6}% 24
\BOOKMARK [2][-]{subsection.6.11}{\376\377\000W\000i\000d\000e\000\040\000R\000e\000s\000N\000e\000t}{section.6}% 25
\BOOKMARK [2][-]{subsection.6.12}{\376\377\000R\000e\000s\000N\000e\000S\000t}{section.6}% 26
\BOOKMARK [2][-]{subsection.6.13}{\376\377\000I\000B\000N\000-\000N\000e\000t}{section.6}% 27
\BOOKMARK [2][-]{subsection.6.14}{\376\377\000M\000n\000a\000s\000N\000e\000t}{section.6}% 28
\BOOKMARK [2][-]{subsection.6.15}{\376\377\000E\000f\000f\000i\000c\000i\000e\000n\000t\000N\000e\000t}{section.6}% 29
\BOOKMARK [2][-]{subsection.6.16}{\376\377\000R\000e\000g\000N\000e\000t}{section.6}% 30
\BOOKMARK [2][-]{subsection.6.17}{\376\377\000C\000o\000n\000v\000N\000e\000X\000t}{section.6}% 31
\BOOKMARK [1][-]{section.7}{\376\377\004\027\004\060\004\072\004\073\004\116\004\107\004\065\004\075\004\070\004\065}{}% 32
\BOOKMARK [1][-]{section*.3}{\376\377\004\041\004\077\004\070\004\101\004\076\004\072\000\040\004\073\004\070\004\102\004\065\004\100\004\060\004\102\004\103\004\100\004\113}{}% 33
